<?xml version="1.0" encoding="UTF-8"?>
<!-- Generated by org.testng.reporters.JUnitReportReporter -->
<testsuite hostname="ISPL1126" failures="0" tests="3" name="TestNG.testsuite" time="37.834" errors="0" timestamp="2023-11-23T09:44:30 IST" skipped="0">
  <testcase classname="TestNG.testsuite" name="openyahoo" time="11.195"/>
  <testcase classname="TestNG.testsuite" name="opengoogle" time="15.103"/>
  <testcase classname="TestNG.testsuite" name="openbing" time="11.536"/>
</testsuite> <!-- TestNG.testsuite -->
