<?xml version="1.0" encoding="UTF-8"?>
<!-- Generated by org.testng.reporters.JUnitReportReporter -->
<testsuite skipped="0" hostname="ISPL1126" name="TestNG.dependencies" tests="3" failures="0" timestamp="21 Nov 2023 04:00:20 GMT" time="0.023" errors="0">
  <testcase name="highschool" time="0.017" classname="TestNG.dependencies"/>
  <testcase name="highersecondaryschool" time="0.002" classname="TestNG.dependencies"/>
  <testcase name="college" time="0.004" classname="TestNG.dependencies"/>
</testsuite> <!-- TestNG.dependencies -->
