<?xml version="1.0" encoding="UTF-8"?>
<!-- Generated by org.testng.reporters.JUnitReportReporter -->
<testsuite skipped="1" hostname="ISPL1126" name="TestNG.testNGpractice" tests="3" failures="0" timestamp="21 Nov 2023 03:39:50 GMT" time="0.016" errors="0">
  <testcase name="firstpractice" time="0.014" classname="TestNG.testNGpractice"/>
  <testcase name="secondpractice" time="0.002" classname="TestNG.testNGpractice"/>
  <testcase name="thirdpractice" classname="TestNG.testNGpractice">
    <skipped/>
  </testcase> <!-- thirdpractice -->
</testsuite> <!-- TestNG.testNGpractice -->
